{
  "RSpec": {
    "coverage": {
      "/Users/student/Desktop/MAKERS/Week4/bookmark-manager/spec/bookmark_manager_spec.rb": {
        "lines": [
          1,
          null,
          1,
          null,
          1,
          1,
          1,
          null,
          null,
          null,
          null
        ]
      },
      "/Users/student/Desktop/MAKERS/Week4/bookmark-manager/lib/bookmark_manager.rb": {
        "lines": [
          1,
          null,
          1,
          1,
          null,
          null
        ]
      },
      "/Users/student/Desktop/MAKERS/Week4/bookmark-manager/spec/features/testing_infrastructure_spec.rb": {
        "lines": [
          1,
          1,
          1,
          1,
          null,
          null
        ]
      },
      "/Users/student/Desktop/MAKERS/Week4/bookmark-manager/spec/features/viewing_bookmarks_spec.rb": {
        "lines": [
          1,
          1,
          1,
          1,
          null,
          null
        ]
      }
    },
    "timestamp": 1598282294
  }
}
